2019-11-08 12:18:50 50 [Note] InnoDB: Using atomics to ref count buffer pool pages
2019-11-08 12:18:50 50 [Note] InnoDB: The InnoDB memory heap is disabled
2019-11-08 12:18:50 50 [Note] InnoDB: Mutexes and rw_locks use GCC atomic builtins
2019-11-08 12:18:50 50 [Note] InnoDB: Memory barrier is not used
2019-11-08 12:18:50 50 [Note] InnoDB: Compressed tables use zlib 1.2.11
2019-11-08 12:18:50 50 [Note] InnoDB: Using Linux native AIO
2019-11-08 12:18:50 50 [Note] InnoDB: Using CPU crc32 instructions
2019-11-08 12:18:50 50 [Note] InnoDB: Initializing buffer pool, size = 128.0M
2019-11-08 12:18:50 50 [Note] InnoDB: Completed initialization of buffer pool
2019-11-08 12:18:50 50 [Note] InnoDB: The first specified data file ./ibdata1 did not exist: a new database to be created!
2019-11-08 12:18:50 50 [Note] InnoDB: Setting file ./ibdata1 size to 12 MB
2019-11-08 12:18:50 50 [Note] InnoDB: Database physically writes the file full: wait...
2019-11-08 12:18:50 50 [Note] InnoDB: Setting log file ./ib_logfile101 size to 48 MB
2019-11-08 12:18:51 50 [Note] InnoDB: Setting log file ./ib_logfile1 size to 48 MB
2019-11-08 12:18:51 50 [Note] InnoDB: Renaming log file ./ib_logfile101 to ./ib_logfile0
2019-11-08 12:18:51 50 [Warning] InnoDB: New log files created, LSN=45781
2019-11-08 12:18:51 50 [Note] InnoDB: Doublewrite buffer not found: creating new
2019-11-08 12:18:52 50 [Note] InnoDB: Doublewrite buffer created
2019-11-08 12:18:52 50 [Note] InnoDB: 128 rollback segment(s) are active.
2019-11-08 12:18:52 50 [Warning] InnoDB: Creating foreign key constraint system tables.
2019-11-08 12:18:52 50 [Note] InnoDB: Foreign key constraint system tables created
2019-11-08 12:18:52 50 [Note] InnoDB: Creating tablespace and datafile system tables.
2019-11-08 12:18:52 50 [Note] InnoDB: Tablespace and datafile system tables created.
2019-11-08 12:18:52 50 [Note] InnoDB: Waiting for purge to start
2019-11-08 12:18:52 50 [Note] InnoDB: 5.6.46 started; log sequence number 0
2019-11-08 12:18:52 50 [Note] RSA private key file not found: /var/lib/mysql//private_key.pem. Some authentication plugins will not work.
2019-11-08 12:18:52 50 [Note] RSA public key file not found: /var/lib/mysql//public_key.pem. Some authentication plugins will not work.
2019-11-08 12:18:54 50 [Note] Binlog end
2019-11-08 12:18:54 50 [Note] InnoDB: FTS optimize thread exiting.
2019-11-08 12:18:54 50 [Note] InnoDB: Starting shutdown...
2019-11-08 12:18:55 50 [Note] InnoDB: Shutdown completed; log sequence number 1625977
2019-11-08 12:18:56 73 [Note] InnoDB: Using atomics to ref count buffer pool pages
2019-11-08 12:18:56 73 [Note] InnoDB: The InnoDB memory heap is disabled
2019-11-08 12:18:56 73 [Note] InnoDB: Mutexes and rw_locks use GCC atomic builtins
2019-11-08 12:18:56 73 [Note] InnoDB: Memory barrier is not used
2019-11-08 12:18:56 73 [Note] InnoDB: Compressed tables use zlib 1.2.11
2019-11-08 12:18:56 73 [Note] InnoDB: Using Linux native AIO
2019-11-08 12:18:56 73 [Note] InnoDB: Using CPU crc32 instructions
2019-11-08 12:18:56 73 [Note] InnoDB: Initializing buffer pool, size = 128.0M
2019-11-08 12:18:56 73 [Note] InnoDB: Completed initialization of buffer pool
2019-11-08 12:18:56 73 [Note] InnoDB: Highest supported file format is Barracuda.
2019-11-08 12:18:56 73 [Note] InnoDB: 128 rollback segment(s) are active.
2019-11-08 12:18:56 73 [Note] InnoDB: Waiting for purge to start
2019-11-08 12:18:56 73 [Note] InnoDB: 5.6.46 started; log sequence number 1625977
2019-11-08 12:18:56 73 [Note] RSA private key file not found: /var/lib/mysql//private_key.pem. Some authentication plugins will not work.
2019-11-08 12:18:56 73 [Note] RSA public key file not found: /var/lib/mysql//public_key.pem. Some authentication plugins will not work.
2019-11-08 12:19:00 73 [Note] Binlog end
2019-11-08 12:19:00 73 [Note] InnoDB: FTS optimize thread exiting.
2019-11-08 12:19:00 73 [Note] InnoDB: Starting shutdown...
2019-11-08 12:19:02 73 [Note] InnoDB: Shutdown completed; log sequence number 1625987
2019-11-08 12:19:02 98 [Note] Plugin 'FEDERATED' is disabled.
2019-11-08 12:19:02 98 [Note] InnoDB: Using atomics to ref count buffer pool pages
2019-11-08 12:19:02 98 [Note] InnoDB: The InnoDB memory heap is disabled
2019-11-08 12:19:02 98 [Note] InnoDB: Mutexes and rw_locks use GCC atomic builtins
2019-11-08 12:19:02 98 [Note] InnoDB: Memory barrier is not used
2019-11-08 12:19:02 98 [Note] InnoDB: Compressed tables use zlib 1.2.11
2019-11-08 12:19:02 98 [Note] InnoDB: Using Linux native AIO
2019-11-08 12:19:02 98 [Note] InnoDB: Using CPU crc32 instructions
2019-11-08 12:19:02 98 [Note] InnoDB: Initializing buffer pool, size = 128.0M
2019-11-08 12:19:02 98 [Note] InnoDB: Completed initialization of buffer pool
2019-11-08 12:19:02 98 [Note] InnoDB: Highest supported file format is Barracuda.
2019-11-08 12:19:02 98 [Note] InnoDB: 128 rollback segment(s) are active.
2019-11-08 12:19:02 98 [Note] InnoDB: Waiting for purge to start
2019-11-08 12:19:02 98 [Note] InnoDB: 5.6.46 started; log sequence number 1625987
2019-11-08 12:19:02 98 [Warning] No existing UUID has been found, so we assume that this is the first time that this server has been started. Generating a new UUID: e538975b-01de-11ea-b463-0242ac130007.
2019-11-08 12:19:02 98 [Note] RSA private key file not found: /var/lib/mysql//private_key.pem. Some authentication plugins will not work.
2019-11-08 12:19:02 98 [Note] RSA public key file not found: /var/lib/mysql//public_key.pem. Some authentication plugins will not work.
2019-11-08 12:19:02 98 [Warning] Insecure configuration for --pid-file: Location '/var/run/mysqld' in the path is accessible to all OS users. Consider choosing a different directory.
2019-11-08 12:19:02 98 [Warning] 'user' entry 'root@f5f8c8c01d25' ignored in --skip-name-resolve mode.
2019-11-08 12:19:02 98 [Warning] 'user' entry '@f5f8c8c01d25' ignored in --skip-name-resolve mode.
2019-11-08 12:19:02 98 [Warning] 'proxies_priv' entry '@ root@f5f8c8c01d25' ignored in --skip-name-resolve mode.
2019-11-08 12:19:03 98 [Note] Event Scheduler: Loaded 0 events
2019-11-08 12:19:03 98 [Note] mysqld: ready for connections.
Version: '5.6.46-log'  socket: '/var/run/mysqld/mysqld.sock'  port: 0  MySQL Community Server (GPL)
2019-11-08 12:19:23 98 [Warning] 'proxies_priv' entry '@ root@f5f8c8c01d25' ignored in --skip-name-resolve mode.
2019-11-08 12:19:23 98 [Note] mysqld: Normal shutdown

2019-11-08 12:19:23 98 [Note] Giving 0 client threads a chance to die gracefully
2019-11-08 12:19:23 98 [Note] Event Scheduler: Purging the queue. 0 events
2019-11-08 12:19:23 98 [Note] Shutting down slave threads
2019-11-08 12:19:23 98 [Note] Forcefully disconnecting 0 remaining clients
2019-11-08 12:19:23 98 [Note] Binlog end
2019-11-08 12:19:23 98 [Note] Shutting down plugin 'partition'
2019-11-08 12:19:23 98 [Note] Shutting down plugin 'PERFORMANCE_SCHEMA'
2019-11-08 12:19:23 98 [Note] Shutting down plugin 'INNODB_SYS_DATAFILES'
2019-11-08 12:19:23 98 [Note] Shutting down plugin 'INNODB_SYS_TABLESPACES'
2019-11-08 12:19:23 98 [Note] Shutting down plugin 'INNODB_SYS_FOREIGN_COLS'
2019-11-08 12:19:23 98 [Note] Shutting down plugin 'INNODB_SYS_FOREIGN'
2019-11-08 12:19:23 98 [Note] Shutting down plugin 'INNODB_SYS_FIELDS'
2019-11-08 12:19:23 98 [Note] Shutting down plugin 'INNODB_SYS_COLUMNS'
2019-11-08 12:19:23 98 [Note] Shutting down plugin 'INNODB_SYS_INDEXES'
2019-11-08 12:19:23 98 [Note] Shutting down plugin 'INNODB_SYS_TABLESTATS'
2019-11-08 12:19:23 98 [Note] Shutting down plugin 'INNODB_SYS_TABLES'
2019-11-08 12:19:23 98 [Note] Shutting down plugin 'INNODB_FT_INDEX_TABLE'
2019-11-08 12:19:23 98 [Note] Shutting down plugin 'INNODB_FT_INDEX_CACHE'
2019-11-08 12:19:23 98 [Note] Shutting down plugin 'INNODB_FT_CONFIG'
2019-11-08 12:19:23 98 [Note] Shutting down plugin 'INNODB_FT_BEING_DELETED'
2019-11-08 12:19:23 98 [Note] Shutting down plugin 'INNODB_FT_DELETED'
2019-11-08 12:19:23 98 [Note] Shutting down plugin 'INNODB_FT_DEFAULT_STOPWORD'
2019-11-08 12:19:23 98 [Note] Shutting down plugin 'INNODB_METRICS'
2019-11-08 12:19:23 98 [Note] Shutting down plugin 'INNODB_BUFFER_POOL_STATS'
2019-11-08 12:19:23 98 [Note] Shutting down plugin 'INNODB_BUFFER_PAGE_LRU'
2019-11-08 12:19:23 98 [Note] Shutting down plugin 'INNODB_BUFFER_PAGE'
2019-11-08 12:19:23 98 [Note] Shutting down plugin 'INNODB_CMP_PER_INDEX_RESET'
2019-11-08 12:19:23 98 [Note] Shutting down plugin 'INNODB_CMP_PER_INDEX'
2019-11-08 12:19:23 98 [Note] Shutting down plugin 'INNODB_CMPMEM_RESET'
2019-11-08 12:19:23 98 [Note] Shutting down plugin 'INNODB_CMPMEM'
2019-11-08 12:19:23 98 [Note] Shutting down plugin 'INNODB_CMP_RESET'
2019-11-08 12:19:23 98 [Note] Shutting down plugin 'INNODB_CMP'
2019-11-08 12:19:23 98 [Note] Shutting down plugin 'INNODB_LOCK_WAITS'
2019-11-08 12:19:23 98 [Note] Shutting down plugin 'INNODB_LOCKS'
2019-11-08 12:19:23 98 [Note] Shutting down plugin 'INNODB_TRX'
2019-11-08 12:19:23 98 [Note] Shutting down plugin 'InnoDB'
2019-11-08 12:19:23 98 [Note] InnoDB: FTS optimize thread exiting.
2019-11-08 12:19:23 98 [Note] InnoDB: Starting shutdown...
2019-11-08 12:19:25 98 [Note] InnoDB: Shutdown completed; log sequence number 1625997
2019-11-08 12:19:25 98 [Note] Shutting down plugin 'BLACKHOLE'
2019-11-08 12:19:25 98 [Note] Shutting down plugin 'ARCHIVE'
2019-11-08 12:19:25 98 [Note] Shutting down plugin 'MRG_MYISAM'
2019-11-08 12:19:25 98 [Note] Shutting down plugin 'MyISAM'
2019-11-08 12:19:25 98 [Note] Shutting down plugin 'MEMORY'
2019-11-08 12:19:25 98 [Note] Shutting down plugin 'CSV'
2019-11-08 12:19:25 98 [Note] Shutting down plugin 'sha256_password'
2019-11-08 12:19:25 98 [Note] Shutting down plugin 'mysql_old_password'
2019-11-08 12:19:25 98 [Note] Shutting down plugin 'mysql_native_password'
2019-11-08 12:19:25 98 [Note] Shutting down plugin 'binlog'
2019-11-08 12:19:25 98 [Note] mysqld: Shutdown complete

2019-11-08 12:19:26 1 [Note] Plugin 'FEDERATED' is disabled.
2019-11-08 12:19:26 1 [Note] InnoDB: Using atomics to ref count buffer pool pages
2019-11-08 12:19:26 1 [Note] InnoDB: The InnoDB memory heap is disabled
2019-11-08 12:19:26 1 [Note] InnoDB: Mutexes and rw_locks use GCC atomic builtins
2019-11-08 12:19:26 1 [Note] InnoDB: Memory barrier is not used
2019-11-08 12:19:26 1 [Note] InnoDB: Compressed tables use zlib 1.2.11
2019-11-08 12:19:26 1 [Note] InnoDB: Using Linux native AIO
2019-11-08 12:19:26 1 [Note] InnoDB: Using CPU crc32 instructions
2019-11-08 12:19:26 1 [Note] InnoDB: Initializing buffer pool, size = 128.0M
2019-11-08 12:19:26 1 [Note] InnoDB: Completed initialization of buffer pool
2019-11-08 12:19:26 1 [Note] InnoDB: Highest supported file format is Barracuda.
2019-11-08 12:19:26 1 [Note] InnoDB: 128 rollback segment(s) are active.
2019-11-08 12:19:26 1 [Note] InnoDB: Waiting for purge to start
2019-11-08 12:19:26 1 [Note] InnoDB: 5.6.46 started; log sequence number 1625997
2019-11-08 12:19:26 1 [Note] RSA private key file not found: /var/lib/mysql//private_key.pem. Some authentication plugins will not work.
2019-11-08 12:19:26 1 [Note] RSA public key file not found: /var/lib/mysql//public_key.pem. Some authentication plugins will not work.
2019-11-08 12:19:26 1 [Note] Server hostname (bind-address): '*'; port: 3306
2019-11-08 12:19:26 1 [Note] IPv6 is available.
2019-11-08 12:19:26 1 [Note]   - '::' resolves to '::';
2019-11-08 12:19:26 1 [Note] Server socket created on IP: '::'.
2019-11-08 12:19:26 1 [Warning] Insecure configuration for --pid-file: Location '/var/run/mysqld' in the path is accessible to all OS users. Consider choosing a different directory.
2019-11-08 12:19:26 1 [Warning] 'proxies_priv' entry '@ root@f5f8c8c01d25' ignored in --skip-name-resolve mode.
2019-11-08 12:19:26 1 [Note] Event Scheduler: Loaded 0 events
2019-11-08 12:19:26 1 [Note] mysqld: ready for connections.
Version: '5.6.46-log'  socket: '/var/run/mysqld/mysqld.sock'  port: 3306  MySQL Community Server (GPL)
2019-11-08 12:21:23 1 [Note] mysqld: Normal shutdown

2019-11-08 12:21:23 1 [Note] Giving 0 client threads a chance to die gracefully
2019-11-08 12:21:23 1 [Note] Event Scheduler: Purging the queue. 0 events
2019-11-08 12:21:23 1 [Note] Shutting down slave threads
2019-11-08 12:21:23 1 [Note] Forcefully disconnecting 0 remaining clients
2019-11-08 12:21:23 1 [Note] Binlog end
2019-11-08 12:21:23 1 [Note] Shutting down plugin 'partition'
2019-11-08 12:21:23 1 [Note] Shutting down plugin 'PERFORMANCE_SCHEMA'
2019-11-08 12:21:23 1 [Note] Shutting down plugin 'INNODB_SYS_DATAFILES'
2019-11-08 12:21:23 1 [Note] Shutting down plugin 'INNODB_SYS_TABLESPACES'
2019-11-08 12:21:23 1 [Note] Shutting down plugin 'INNODB_SYS_FOREIGN_COLS'
2019-11-08 12:21:23 1 [Note] Shutting down plugin 'INNODB_SYS_FOREIGN'
2019-11-08 12:21:23 1 [Note] Shutting down plugin 'INNODB_SYS_FIELDS'
2019-11-08 12:21:23 1 [Note] Shutting down plugin 'INNODB_SYS_COLUMNS'
2019-11-08 12:21:23 1 [Note] Shutting down plugin 'INNODB_SYS_INDEXES'
2019-11-08 12:21:23 1 [Note] Shutting down plugin 'INNODB_SYS_TABLESTATS'
2019-11-08 12:21:23 1 [Note] Shutting down plugin 'INNODB_SYS_TABLES'
2019-11-08 12:21:23 1 [Note] Shutting down plugin 'INNODB_FT_INDEX_TABLE'
2019-11-08 12:21:23 1 [Note] Shutting down plugin 'INNODB_FT_INDEX_CACHE'
2019-11-08 12:21:23 1 [Note] Shutting down plugin 'INNODB_FT_CONFIG'
2019-11-08 12:21:23 1 [Note] Shutting down plugin 'INNODB_FT_BEING_DELETED'
2019-11-08 12:21:23 1 [Note] Shutting down plugin 'INNODB_FT_DELETED'
2019-11-08 12:21:23 1 [Note] Shutting down plugin 'INNODB_FT_DEFAULT_STOPWORD'
2019-11-08 12:21:23 1 [Note] Shutting down plugin 'INNODB_METRICS'
2019-11-08 12:21:23 1 [Note] Shutting down plugin 'INNODB_BUFFER_POOL_STATS'
2019-11-08 12:21:23 1 [Note] Shutting down plugin 'INNODB_BUFFER_PAGE_LRU'
2019-11-08 12:21:23 1 [Note] Shutting down plugin 'INNODB_BUFFER_PAGE'
2019-11-08 12:21:23 1 [Note] Shutting down plugin 'INNODB_CMP_PER_INDEX_RESET'
2019-11-08 12:21:23 1 [Note] Shutting down plugin 'INNODB_CMP_PER_INDEX'
2019-11-08 12:21:23 1 [Note] Shutting down plugin 'INNODB_CMPMEM_RESET'
2019-11-08 12:21:23 1 [Note] Shutting down plugin 'INNODB_CMPMEM'
2019-11-08 12:21:23 1 [Note] Shutting down plugin 'INNODB_CMP_RESET'
2019-11-08 12:21:23 1 [Note] Shutting down plugin 'INNODB_CMP'
2019-11-08 12:21:23 1 [Note] Shutting down plugin 'INNODB_LOCK_WAITS'
2019-11-08 12:21:23 1 [Note] Shutting down plugin 'INNODB_LOCKS'
2019-11-08 12:21:23 1 [Note] Shutting down plugin 'INNODB_TRX'
2019-11-08 12:21:23 1 [Note] Shutting down plugin 'InnoDB'
2019-11-08 12:21:23 1 [Note] InnoDB: FTS optimize thread exiting.
2019-11-08 12:21:23 1 [Note] InnoDB: Starting shutdown...
2019-11-08 12:21:25 1 [Note] InnoDB: Shutdown completed; log sequence number 1626007
2019-11-08 12:21:25 1 [Note] Shutting down plugin 'BLACKHOLE'
2019-11-08 12:21:25 1 [Note] Shutting down plugin 'ARCHIVE'
2019-11-08 12:21:25 1 [Note] Shutting down plugin 'MRG_MYISAM'
2019-11-08 12:21:25 1 [Note] Shutting down plugin 'MyISAM'
2019-11-08 12:21:25 1 [Note] Shutting down plugin 'MEMORY'
2019-11-08 12:21:25 1 [Note] Shutting down plugin 'CSV'
2019-11-08 12:21:25 1 [Note] Shutting down plugin 'sha256_password'
2019-11-08 12:21:25 1 [Note] Shutting down plugin 'mysql_old_password'
2019-11-08 12:21:25 1 [Note] Shutting down plugin 'mysql_native_password'
2019-11-08 12:21:25 1 [Note] Shutting down plugin 'binlog'
2019-11-08 12:21:25 1 [Note] mysqld: Shutdown complete

